INFO:root:environmentmonitor_tower:
INFO:root:	Querying database...
INFO:root:	Saving to file...
INFO:root:environmentmonitor_dome:
INFO:root:	Querying database...
INFO:root:	Saving to file...
INFO:root:environmentmonitor_telescope:
INFO:root:	Querying database...
INFO:root:	Saving to file...
INFO:root:etc_seeing:
INFO:root:	Querying database...
INFO:root:	Saving to file...
INFO:root:etc_telemetry:
INFO:root:	Querying database...
INFO:root:	Saving to file...
INFO:root:tcs_info:
INFO:root:	Querying database...
INFO:root:	Saving to file...
INFO:root:Query date: 2023-02-15 21:26:42.021243-07:00
INFO:root:Preprocessed: False

INFO:root:environmentmonitor_tower:
INFO:root:	Querying database...
INFO:root:	Saving to file...
INFO:root:	Query complete!
INFO:root:environmentmonitor_dome:
INFO:root:	Querying database...
INFO:root:	Saving to file...
INFO:root:	Query complete!
INFO:root:environmentmonitor_telescope:
INFO:root:	Querying database...
INFO:root:	Saving to file...
INFO:root:	Query complete!
INFO:root:etc_seeing:
INFO:root:	Querying database...
INFO:root:	Saving to file...
INFO:root:	Query complete!
INFO:root:etc_telemetry:
INFO:root:	Querying database...
INFO:root:	Saving to file...
INFO:root:	Query complete!
INFO:root:tcs_info:
INFO:root:	Querying database...
INFO:root:	Saving to file...
INFO:root:	Query complete!
